c:\users\yunus konak\desktop\mvc projeler\proje ödevı\proje ödevı\debug\vc140.pdb
c:\users\yunus konak\desktop\mvc projeler\proje ödevı\proje ödevı\debug\vc140.ıdb
c:\users\yunus konak\desktop\mvc projeler\proje ödevı\proje ödevı\debug\ıslem.obj
c:\users\yunus konak\desktop\mvc projeler\proje ödevı\proje ödevı\debug\kontrol.obj
c:\users\yunus konak\desktop\mvc projeler\proje ödevı\proje ödevı\debug\musterı.obj
c:\users\yunus konak\desktop\mvc projeler\proje ödevı\proje ödevı\debug\tarıh.obj
c:\users\yunus konak\desktop\mvc projeler\proje ödevı\proje ödevı\debug\test.obj
c:\users\yunus konak\desktop\mvc projeler\proje ödevı\proje ödevı\debug\urun.obj
c:\users\yunus konak\desktop\mvc projeler\proje ödevı\debug\proje ödevı.ılk
c:\users\yunus konak\desktop\mvc projeler\proje ödevı\debug\proje ödevı.exe
c:\users\yunus konak\desktop\mvc projeler\proje ödevı\debug\proje ödevı.pdb
c:\users\yunus konak\desktop\mvc projeler\proje ödevi\proje ödevi\debug\ıslem.obj
c:\users\yunus konak\desktop\mvc projeler\proje ödevi\proje ödevi\debug\kontrol.obj
c:\users\yunus konak\desktop\mvc projeler\proje ödevi\proje ödevi\debug\musteri.obj
c:\users\yunus konak\desktop\mvc projeler\proje ödevi\proje ödevi\debug\tarih.obj
c:\users\yunus konak\desktop\mvc projeler\proje ödevi\proje ödevi\debug\test.obj
c:\users\yunus konak\desktop\mvc projeler\proje ödevi\proje ödevi\debug\urun.obj
c:\users\yunus konak\desktop\mvc projeler\proje ödevi\proje ödevi\debug\vc140.idb
c:\users\yunus konak\desktop\mvc projeler\proje ödevi\proje ödevi\debug\vc140.pdb
c:\users\yunus konak\desktop\mvc projeler\proje ödevi\debug\proje ödevi.pdb
c:\users\yunus konak\desktop\mvc projeler\proje ödevi\debug\proje ödevi.exe
c:\users\yunus konak\desktop\mvc projeler\proje ödevi\debug\proje ödevi.ilk
c:\users\yunus konak\desktop\mvc projeler\proje ödevi\proje ödevi\debug\proje ödevi.tlog\cl.command.1.tlog
c:\users\yunus konak\desktop\mvc projeler\proje ödevi\proje ödevi\debug\proje ödevi.tlog\cl.read.1.tlog
c:\users\yunus konak\desktop\mvc projeler\proje ödevi\proje ödevi\debug\proje ödevi.tlog\cl.write.1.tlog
c:\users\yunus konak\desktop\mvc projeler\proje ödevi\proje ödevi\debug\proje ödevi.tlog\link.command.1.tlog
c:\users\yunus konak\desktop\mvc projeler\proje ödevi\proje ödevi\debug\proje ödevi.tlog\link.read.1.tlog
c:\users\yunus konak\desktop\mvc projeler\proje ödevi\proje ödevi\debug\proje ödevi.tlog\link.write.1.tlog
